INFO  2015-11-09 17:05:57,663 (Saros.java:220) Starting Saros 14.10.31 running:
  Java Version: 1.8.0_40
  Java Vendor: Oracle Corporation
  Eclipse Runtime Version: 3.10.0.v20140318-2214
  Operating System: Windows 7 (6.1)
  Hardware Architecture: x86
INFO  2015-11-09 17:05:57,703 (SarosContext.java:153) creating Saros runtime context...
DEBUG 2015-11-09 17:05:57,743 (XMPPAccountStore.java:117) loading accounts from file: C:\Users\Lycantropus\.saros\config.dat
DEBUG 2015-11-09 17:05:57,963 (XMPPAccountStore.java:176) loaded 1 account(s)
INFO  2015-11-09 17:05:58,203 (SarosContext.java:199) successfully created Saros runtime context
DEBUG 2015-11-09 17:05:58,223 (DataTransferManager.java:467) used transport order for the current XMPP connection: [XMPP-Socks5-Transport, XMPP-IBB-Transport]
INFO  2015-11-09 17:05:58,243 (PreferenceInitializer.java:50) initializing preference default values
DEBUG 2015-11-09 17:05:58,293 (SarosAnnotation.java:117) resetting annotation colors
DEBUG 2015-11-09 17:05:58,353 (Saros.java:264) autogenerated favorite color id is: 1
DEBUG 2015-11-09 17:05:58,363 (Saros.java:430) skipping conversion of old XMPP accounts, because there are already new ones
DEBUG 2015-11-09 17:06:04,063 (WhiteboardManager.java:194) WhiteboardManager instantiated
DEBUG 2015-11-09 17:06:04,083 (DocumentRecord.java:93) Added Node: attr(144708876408354770) name=svg
DEBUG 2015-11-09 17:06:04,290 (XMPPConnectionService.java:439) started Socks5 proxy on port: 7777 [listening on all interfaces]
DEBUG 2015-11-09 17:06:04,675 (XMPPConnectionService.java:459) using autodetected addresses: [192.168.1.67, 2001:8a0:ec66:e601:c159:1265:a88d:fe3f, 2001:8a0:ec66:e601:4cda:17d1:b9ae:9187, fe80:0:0:0:c159:1265:a88d:fe3f%wlan0]
DEBUG 2015-11-09 17:06:04,685 (XMPPConnectionService.java:398)  new connection state == CONNECTING
DEBUG 2015-11-09 17:06:06,027 (XMPPConnectionService.java:398) lycantropus@saros-con.imp.fu-berlin.de/Saros new connection state == CONNECTED
DEBUG 2015-11-09 17:06:06,028 (DataTransferManager.java:467) used transport order for the current XMPP connection: [XMPP-Socks5-Transport, XMPP-IBB-Transport]
DEBUG 2015-11-09 17:06:06,030 (SkypeManager.java:289) Refreshing Skype username cache...
WARN  2015-11-09 17:06:15,251 (StunServiceImpl.java:420) received no response from STUN server stunserver.org/69.172.201.208:3478 at local address /192.168.1.67:0
DEBUG 2015-11-09 17:06:24,059 (XMPPConnectionService.java:398) lycantropus@saros-con.imp.fu-berlin.de/Saros new connection state == DISCONNECTING
DEBUG 2015-11-09 17:06:24,219 (XMPPConnectionService.java:398)  new connection state == NOT_CONNECTED
DEBUG 2015-11-09 17:06:24,219 (UPnPServiceImpl.java:295) deleting existing port mappings
ERROR 2015-11-09 17:06:24,219 (ThreadUtils.java:40) Internal Error:
java.lang.RuntimeException: java.lang.InterruptedException
	at org.jivesoftware.smack.PacketCollector.nextResult(PacketCollector.java:138)
	at org.jivesoftware.smackx.ServiceDiscoveryManager.discoverInfo(ServiceDiscoveryManager.java:530)
	at org.jivesoftware.smackx.ServiceDiscoveryManager.discoverInfo(ServiceDiscoveryManager.java:489)
	at de.fu_berlin.inf.dpp.net.xmpp.discovery.DiscoveryManager.performServiceDiscovery(DiscoveryManager.java:448)
	at de.fu_berlin.inf.dpp.net.xmpp.discovery.DiscoveryManager.queryFeatureSupport(DiscoveryManager.java:380)
	at de.fu_berlin.inf.dpp.net.xmpp.discovery.DiscoveryManager.access$3(DiscoveryManager.java:347)
	at de.fu_berlin.inf.dpp.net.xmpp.discovery.DiscoveryManager$2.run(DiscoveryManager.java:326)
	at de.fu_berlin.inf.dpp.util.ThreadUtils$1.run(ThreadUtils.java:38)
	at java.util.concurrent.ThreadPoolExecutor.runWorker(Unknown Source)
	at java.util.concurrent.ThreadPoolExecutor$Worker.run(Unknown Source)
	at java.lang.Thread.run(Unknown Source)
Caused by: java.lang.InterruptedException
	at java.util.concurrent.locks.AbstractQueuedSynchronizer$ConditionObject.reportInterruptAfterWait(Unknown Source)
	at java.util.concurrent.locks.AbstractQueuedSynchronizer$ConditionObject.awaitNanos(Unknown Source)
	at java.util.concurrent.ArrayBlockingQueue.poll(Unknown Source)
	at org.jivesoftware.smack.PacketCollector.nextResult(PacketCollector.java:135)
	... 10 more
ERROR 2015-11-09 17:06:24,229 (ThreadUtils.java:41) Original caller:
StackTrace:
	at de.fu_berlin.inf.dpp.util.ThreadUtils.wrapSafe(ThreadUtils.java:32)
	at de.fu_berlin.inf.dpp.net.xmpp.discovery.DiscoveryManager.queryFeatureSupport(DiscoveryManager.java:323)
	at de.fu_berlin.inf.dpp.ui.model.roster.RosterContentProvider.querySarosSupport(RosterContentProvider.java:177)
	at de.fu_berlin.inf.dpp.ui.model.roster.RosterContentProvider.access$2(RosterContentProvider.java:159)
	at de.fu_berlin.inf.dpp.ui.model.roster.RosterContentProvider$2.presenceChanged(RosterContentProvider.java:59)
	at org.jivesoftware.smack.Roster.fireRosterPresenceEvent(Roster.java:726)
	at org.jivesoftware.smack.Roster.access$3(Roster.java:724)
	at org.jivesoftware.smack.Roster$PresencePacketListener.processPacket(Roster.java:789)
	at org.jivesoftware.smack.Connection$ListenerWrapper.notifyListener(Connection.java:858)
	at org.jivesoftware.smack.PacketReader$ListenerNotification.run(PacketReader.java:456)
	at java.util.concurrent.Executors$RunnableAdapter.call(Unknown Source)
	at java.util.concurrent.FutureTask.run(Unknown Source)
	at java.util.concurrent.ThreadPoolExecutor.runWorker(Unknown Source)
	at java.util.concurrent.ThreadPoolExecutor$Worker.run(Unknown Source)
	at java.lang.Thread.run(Unknown Source)
