WARN  2015-11-09 17:00:16,739 (StunServiceImpl.java:420) received no response from STUN server stunserver.org/69.172.201.208:3478 at local address /192.168.1.67:0
WARN  2015-11-09 17:00:41,748 (DiscoveryManager.java:451) Service Discovery failed on recipient pereiraffjoao1993@gmail.com/messaging-lcsw_hangoutsC59E80E5 server: saros-con.imp.fu-berlin.de
No response from the server.: 
	at org.jivesoftware.smackx.ServiceDiscoveryManager.discoverInfo(ServiceDiscoveryManager.java:534)
	at org.jivesoftware.smackx.ServiceDiscoveryManager.discoverInfo(ServiceDiscoveryManager.java:489)
	at de.fu_berlin.inf.dpp.net.xmpp.discovery.DiscoveryManager.performServiceDiscovery(DiscoveryManager.java:448)
	at de.fu_berlin.inf.dpp.net.xmpp.discovery.DiscoveryManager.queryFeatureSupport(DiscoveryManager.java:380)
	at de.fu_berlin.inf.dpp.net.xmpp.discovery.DiscoveryManager.access$3(DiscoveryManager.java:347)
	at de.fu_berlin.inf.dpp.net.xmpp.discovery.DiscoveryManager$2.run(DiscoveryManager.java:326)
	at de.fu_berlin.inf.dpp.util.ThreadUtils$1.run(ThreadUtils.java:38)
	at java.util.concurrent.ThreadPoolExecutor.runWorker(Unknown Source)
	at java.util.concurrent.ThreadPoolExecutor$Worker.run(Unknown Source)
	at java.lang.Thread.run(Unknown Source)
WARN  2015-11-09 17:01:11,789 (DiscoveryManager.java:451) Service Discovery failed on recipient pereiraffjoao1993@gmail.com/MessagingA883a792d server: saros-con.imp.fu-berlin.de
No response from the server.: 
	at org.jivesoftware.smackx.ServiceDiscoveryManager.discoverInfo(ServiceDiscoveryManager.java:534)
	at org.jivesoftware.smackx.ServiceDiscoveryManager.discoverInfo(ServiceDiscoveryManager.java:489)
	at de.fu_berlin.inf.dpp.net.xmpp.discovery.DiscoveryManager.performServiceDiscovery(DiscoveryManager.java:448)
	at de.fu_berlin.inf.dpp.net.xmpp.discovery.DiscoveryManager.queryFeatureSupport(DiscoveryManager.java:380)
	at de.fu_berlin.inf.dpp.net.xmpp.discovery.DiscoveryManager.access$3(DiscoveryManager.java:347)
	at de.fu_berlin.inf.dpp.net.xmpp.discovery.DiscoveryManager$2.run(DiscoveryManager.java:326)
	at de.fu_berlin.inf.dpp.util.ThreadUtils$1.run(ThreadUtils.java:38)
	at java.util.concurrent.ThreadPoolExecutor.runWorker(Unknown Source)
	at java.util.concurrent.ThreadPoolExecutor$Worker.run(Unknown Source)
	at java.lang.Thread.run(Unknown Source)
