INFO  2015-11-09 16:59:15,635 (Saros.java:220) Starting Saros 14.10.31 running:
  Java Version: 1.8.0_40
  Java Vendor: Oracle Corporation
  Eclipse Runtime Version: 3.10.0.v20140318-2214
  Operating System: Windows 7 (6.1)
  Hardware Architecture: x86
INFO  2015-11-09 16:59:16,058 (SarosContext.java:153) creating Saros runtime context...
DEBUG 2015-11-09 16:59:16,319 (XMPPAccountStore.java:117) loading accounts from file: C:\Users\Lycantropus\.saros\config.dat
DEBUG 2015-11-09 16:59:17,497 (XMPPAccountStore.java:176) loaded 1 account(s)
INFO  2015-11-09 16:59:18,227 (SarosContext.java:199) successfully created Saros runtime context
DEBUG 2015-11-09 16:59:18,389 (DataTransferManager.java:467) used transport order for the current XMPP connection: [XMPP-Socks5-Transport, XMPP-IBB-Transport]
INFO  2015-11-09 16:59:18,525 (PreferenceInitializer.java:50) initializing preference default values
DEBUG 2015-11-09 16:59:18,796 (SarosAnnotation.java:117) resetting annotation colors
DEBUG 2015-11-09 16:59:19,103 (Saros.java:264) autogenerated favorite color id is: 1
DEBUG 2015-11-09 16:59:19,104 (Saros.java:430) skipping conversion of old XMPP accounts, because there are already new ones
DEBUG 2015-11-09 17:00:04,602 (WhiteboardManager.java:194) WhiteboardManager instantiated
DEBUG 2015-11-09 17:00:04,632 (DocumentRecord.java:93) Added Node: attr(144708840462257014) name=svg
DEBUG 2015-11-09 17:00:05,899 (XMPPConnectionService.java:439) started Socks5 proxy on port: 7777 [listening on all interfaces]
DEBUG 2015-11-09 17:00:06,232 (XMPPConnectionService.java:459) using autodetected addresses: [192.168.1.67, 2001:8a0:ec66:e601:c159:1265:a88d:fe3f, 2001:8a0:ec66:e601:4cda:17d1:b9ae:9187, fe80:0:0:0:c159:1265:a88d:fe3f%wlan0]
DEBUG 2015-11-09 17:00:06,462 (XMPPConnectionService.java:398)  new connection state == CONNECTING
DEBUG 2015-11-09 17:00:09,940 (XMPPConnectionService.java:398) lycantropus@saros-con.imp.fu-berlin.de/Saros new connection state == CONNECTED
DEBUG 2015-11-09 17:00:09,940 (DataTransferManager.java:467) used transport order for the current XMPP connection: [XMPP-Socks5-Transport, XMPP-IBB-Transport]
DEBUG 2015-11-09 17:00:09,950 (SkypeManager.java:289) Refreshing Skype username cache...
WARN  2015-11-09 17:00:16,739 (StunServiceImpl.java:420) received no response from STUN server stunserver.org/69.172.201.208:3478 at local address /192.168.1.67:0
WARN  2015-11-09 17:00:41,748 (DiscoveryManager.java:451) Service Discovery failed on recipient pereiraffjoao1993@gmail.com/messaging-lcsw_hangoutsC59E80E5 server: saros-con.imp.fu-berlin.de
No response from the server.: 
	at org.jivesoftware.smackx.ServiceDiscoveryManager.discoverInfo(ServiceDiscoveryManager.java:534)
	at org.jivesoftware.smackx.ServiceDiscoveryManager.discoverInfo(ServiceDiscoveryManager.java:489)
	at de.fu_berlin.inf.dpp.net.xmpp.discovery.DiscoveryManager.performServiceDiscovery(DiscoveryManager.java:448)
	at de.fu_berlin.inf.dpp.net.xmpp.discovery.DiscoveryManager.queryFeatureSupport(DiscoveryManager.java:380)
	at de.fu_berlin.inf.dpp.net.xmpp.discovery.DiscoveryManager.access$3(DiscoveryManager.java:347)
	at de.fu_berlin.inf.dpp.net.xmpp.discovery.DiscoveryManager$2.run(DiscoveryManager.java:326)
	at de.fu_berlin.inf.dpp.util.ThreadUtils$1.run(ThreadUtils.java:38)
	at java.util.concurrent.ThreadPoolExecutor.runWorker(Unknown Source)
	at java.util.concurrent.ThreadPoolExecutor$Worker.run(Unknown Source)
	at java.lang.Thread.run(Unknown Source)
WARN  2015-11-09 17:01:11,789 (DiscoveryManager.java:451) Service Discovery failed on recipient pereiraffjoao1993@gmail.com/MessagingA883a792d server: saros-con.imp.fu-berlin.de
No response from the server.: 
	at org.jivesoftware.smackx.ServiceDiscoveryManager.discoverInfo(ServiceDiscoveryManager.java:534)
	at org.jivesoftware.smackx.ServiceDiscoveryManager.discoverInfo(ServiceDiscoveryManager.java:489)
	at de.fu_berlin.inf.dpp.net.xmpp.discovery.DiscoveryManager.performServiceDiscovery(DiscoveryManager.java:448)
	at de.fu_berlin.inf.dpp.net.xmpp.discovery.DiscoveryManager.queryFeatureSupport(DiscoveryManager.java:380)
	at de.fu_berlin.inf.dpp.net.xmpp.discovery.DiscoveryManager.access$3(DiscoveryManager.java:347)
	at de.fu_berlin.inf.dpp.net.xmpp.discovery.DiscoveryManager$2.run(DiscoveryManager.java:326)
	at de.fu_berlin.inf.dpp.util.ThreadUtils$1.run(ThreadUtils.java:38)
	at java.util.concurrent.ThreadPoolExecutor.runWorker(Unknown Source)
	at java.util.concurrent.ThreadPoolExecutor$Worker.run(Unknown Source)
	at java.lang.Thread.run(Unknown Source)
DEBUG 2015-11-09 17:05:52,829 (XMPPConnectionService.java:398) lycantropus@saros-con.imp.fu-berlin.de/Saros new connection state == DISCONNECTING
DEBUG 2015-11-09 17:05:52,987 (XMPPConnectionService.java:398)  new connection state == NOT_CONNECTED
DEBUG 2015-11-09 17:05:52,989 (UPnPServiceImpl.java:295) deleting existing port mappings
